Flow report for BlockKiller
Mon Jun 06 11:09:57 2016
Quartus II Version 9.0 Build 132 02/25/2009 SJ Full Version


---------------------
; Table of Contents ;
---------------------
  1. Legal Notice
  2. Flow Summary
  3. Flow Settings
  4. Flow Non-Default Global Settings
  5. Flow Elapsed Time
  6. Flow OS Summary
  7. Flow Log



----------------
; Legal Notice ;
----------------
Copyright (C) 1991-2009 Altera Corporation
Your use of Altera Corporation's design tools, logic functions 
and other software and tools, and its AMPP partner logic 
functions, and any output files from any of the foregoing 
(including device programming or simulation files), and any 
associated documentation or information are expressly subject 
to the terms and conditions of the Altera Program License 
Subscription Agreement, Altera MegaCore Function License 
Agreement, or other applicable license agreement, including, 
without limitation, that your use is for the sole purpose of 
programming logic devices manufactured by Altera and sold by 
Altera or its authorized distributors.  Please refer to the 
applicable agreement for further details.



+-------------------------------------------------------------------------------+
; Flow Summary                                                                  ;
+------------------------------------+------------------------------------------+
; Flow Status                        ; Successful - Mon Jun 06 11:09:46 2016    ;
; Quartus II Version                 ; 9.0 Build 132 02/25/2009 SJ Full Version ;
; Revision Name                      ; BlockKiller                              ;
; Top-level Entity Name              ; Block_Killer                             ;
; Family                             ; Cyclone III                              ;
; Device                             ; EP3C16F484C6                             ;
; Timing Models                      ; Final                                    ;
; Met timing requirements            ; N/A                                      ;
; Total logic elements               ; 3,362 / 15,408 ( 22 % )                  ;
;     Total combinational functions  ; 3,355 / 15,408 ( 22 % )                  ;
;     Dedicated logic registers      ; 360 / 15,408 ( 2 % )                     ;
; Total registers                    ; 360                                      ;
; Total pins                         ; 27 / 347 ( 8 % )                         ;
; Total virtual pins                 ; 0                                        ;
; Total memory bits                  ; 5,760 / 516,096 ( 1 % )                  ;
; Embedded Multiplier 9-bit elements ; 0 / 112 ( 0 % )                          ;
; Total PLLs                         ; 0 / 4 ( 0 % )                            ;
+------------------------------------+------------------------------------------+


+-----------------------------------------+
; Flow Settings                           ;
+-------------------+---------------------+
; Option            ; Setting             ;
+-------------------+---------------------+
; Start date & time ; 06/06/2016 11:08:19 ;
; Main task         ; Compilation         ;
; Revision Name     ; BlockKiller         ;
+-------------------+---------------------+


+-------------------------------------------------------------------------------------------------------------------+
; Flow Non-Default Global Settings                                                                                  ;
+------------------------------------+------------------------------+---------------+--------------+----------------+
; Assignment Name                    ; Value                        ; Default Value ; Entity Name  ; Section Id     ;
+------------------------------------+------------------------------+---------------+--------------+----------------+
; COMPILER_SIGNATURE_ID              ; 121378799429.146518249902956 ; --            ; --           ; --             ;
; MAX_CORE_JUNCTION_TEMP             ; 85                           ; --            ; --           ; --             ;
; MIN_CORE_JUNCTION_TEMP             ; 0                            ; --            ; --           ; --             ;
; NOMINAL_CORE_SUPPLY_VOLTAGE        ; 1.2V                         ; --            ; --           ; --             ;
; PARTITION_COLOR                    ; 16764057                     ; --            ; Block_Killer ; Top            ;
; PARTITION_NETLIST_TYPE             ; SOURCE                       ; --            ; Block_Killer ; Top            ;
; TOP_LEVEL_ENTITY                   ; Block_Killer                 ; BlockKiller   ; --           ; --             ;
; USE_GENERATED_PHYSICAL_CONSTRAINTS ; Off                          ; --            ; --           ; eda_blast_fpga ;
+------------------------------------+------------------------------+---------------+--------------+----------------+


+-------------------------------------------------------------------------------------------------------------------------------+
; Flow Elapsed Time                                                                                                             ;
+---------------------------+--------------+-------------------------+---------------------+------------------------------------+
; Module Name               ; Elapsed Time ; Average Processors Used ; Peak Virtual Memory ; Total CPU Time (on all processors) ;
+---------------------------+--------------+-------------------------+---------------------+------------------------------------+
; Analysis & Synthesis      ; 00:00:44     ; 1.0                     ; 258 MB              ; 00:00:43                           ;
; Fitter                    ; 00:00:35     ; 1.4                     ; 369 MB              ; 00:00:34                           ;
; Assembler                 ; 00:00:02     ; 1.0                     ; 254 MB              ; 00:00:02                           ;
; TimeQuest Timing Analyzer ; 00:00:10     ; 1.0                     ; 291 MB              ; 00:00:08                           ;
; Total                     ; 00:01:31     ; --                      ; --                  ; 00:01:27                           ;
+---------------------------+--------------+-------------------------+---------------------+------------------------------------+


+--------------------------------------------------------------------------------------------+
; Flow OS Summary                                                                            ;
+---------------------------+------------------+---------------+------------+----------------+
; Module Name               ; Machine Hostname ; OS Name       ; OS Version ; Processor type ;
+---------------------------+------------------+---------------+------------+----------------+
; Analysis & Synthesis      ; SSTHOUSE7224     ; Windows Vista ; 6.2        ; x86_64         ;
; Fitter                    ; SSTHOUSE7224     ; Windows Vista ; 6.2        ; x86_64         ;
; Assembler                 ; SSTHOUSE7224     ; Windows Vista ; 6.2        ; x86_64         ;
; TimeQuest Timing Analyzer ; SSTHOUSE7224     ; Windows Vista ; 6.2        ; x86_64         ;
+---------------------------+------------------+---------------+------------+----------------+


------------
; Flow Log ;
------------
quartus_map --read_settings_files=on --write_settings_files=off BlockKiller -c BlockKiller
quartus_fit --read_settings_files=off --write_settings_files=off BlockKiller -c BlockKiller
quartus_asm --read_settings_files=off --write_settings_files=off BlockKiller -c BlockKiller
quartus_sta BlockKiller -c BlockKiller



